Vivado Simulator 2019.1
Copyright 1986-1999, 2001-2019 Xilinx, Inc. All Rights Reserved.
Running: C:/ProgramData/Xillinx/Vivado/2019.1/bin/unwrapped/win64.o/xelab.exe -wto b7d505108c7c409cac91a51598e1b5b7 --incr --debug typical --relax --mt 2 -L xil_defaultlib -L secureip --snapshot mejn_behav xil_defaultlib.mejn -log elaborate.log 
Using 2 slave threads.
Starting static elaboration
Completed static elaboration
Starting simulation data flow analysis
Completed simulation data flow analysis
Time Resolution for simulation is 1ps
Compiling package std.standard
Compiling package std.textio
Compiling package ieee.std_logic_1164
Compiling package ieee.std_logic_arith
Compiling package ieee.std_logic_unsigned
Compiling package ieee.numeric_std
Compiling package xil_defaultlib.mem_pkg
Compiling architecture behavioral of entity xil_defaultlib.pmod_adc [pmod_adc_default]
Compiling architecture behavioral of entity xil_defaultlib.FF [ff_default]
Compiling architecture behavioral of entity xil_defaultlib.debouncer [debouncer_default]
Compiling architecture behavioral of entity xil_defaultlib.signal_debouncer [signal_debouncer_default]
Compiling architecture behavioral of entity xil_defaultlib.dit_dah [dit_dah_default]
Compiling architecture behavioral of entity xil_defaultlib.v2 [v2_default]
Compiling architecture behavioral of entity xil_defaultlib.translation_interface [translation_interface_default]
Compiling architecture behavioral of entity xil_defaultlib.task1 [task1_default]
Compiling architecture behavioral of entity xil_defaultlib.timer_variable [timer_variable_default]
Compiling architecture behavioral of entity xil_defaultlib.spi_ctrl [spi_ctrl_default]
Compiling architecture behavioral of entity xil_defaultlib.delay [delay_default]
Compiling architecture behavioral of entity xil_defaultlib.oled_init [oled_init_default]
Compiling architecture behavioral of entity xil_defaultlib.ascii_rom [ascii_rom_default]
Compiling architecture behavioral of entity xil_defaultlib.oled_ex [oled_ex_default]
Compiling architecture behavioral of entity xil_defaultlib.oled_ctrl [oled_ctrl_default]
Compiling architecture behavioral of entity xil_defaultlib.ram_8by32 [ram_8by32_default]
Compiling architecture behavioral of entity xil_defaultlib.fifo_w_signal_control [fifo_w_signal_control_default]
Compiling architecture behavioral of entity xil_defaultlib.pulse_stable_conversion [pulse_stable_conversion_default]
Compiling architecture behavioral of entity xil_defaultlib.fifo_oled_connection [fifo_oled_connection_default]
Compiling architecture behavioral of entity xil_defaultlib.mejn
Built simulation snapshot mejn_behav
